2024-10-28 14:53:07 INFO  Utils:112 - [TestNG] Running:
  C:\Users\Prashik\git\MyProject\testng\testng.xml

2024-10-28 14:53:14 INFO  TC_01_AccouuntRegister:24 - clicked on myaccount
2024-10-28 14:53:15 INFO  TC_01_AccouuntRegister:29 - first name entered
2024-10-28 14:53:15 INFO  TC_01_AccouuntRegister:34 - password entered
2024-10-28 14:53:15 INFO  TC_01_AccouuntRegister:37 - page scrolled
2024-10-28 14:53:26 INFO  TC_01_AccouuntRegister:49 - Test case passed
2024-10-28 14:53:30 INFO  TC_02_Login:27 - email entered
2024-10-28 14:58:30 INFO  Utils:112 - [TestNG] Running:
  C:\Users\Prashik\git\MyProject\testng\testng.xml

2024-10-28 14:59:03 INFO  Utils:112 - [TestNG] Running:
  C:\Users\Prashik\git\MyProject\testng\testng.xml

2024-10-28 15:07:13 INFO  Utils:112 - [TestNG] Running:
  C:\Users\Prashik\git\MyProject\testng\testng.xml

2024-10-28 15:13:30 INFO  Utils:112 - [TestNG] Running:
  C:\Users\Prashik\git\MyProject\testng\testng.xml

2024-10-28 15:17:34 INFO  Utils:112 - [TestNG] Running:
  C:\Users\Prashik\git\MyProject\testng\testng.xml

2024-10-28 15:28:40 INFO  Utils:112 - [TestNG] Running:
  C:\Users\Prashik\git\MyProject\testng\testng.xml

2024-10-28 15:32:15 INFO  Utils:112 - [TestNG] Running:
  C:\Users\Prashik\git\MyProject\testng\testng.xml

2024-10-28 15:33:54 INFO  Utils:112 - [TestNG] Running:
  C:\Users\Prashik\git\MyProject\testng\testng.xml

2024-10-28 15:35:23 INFO  Utils:112 - [TestNG] Running:
  C:\Users\Prashik\git\MyProject\testng\testng.xml

2024-10-28 15:40:56 INFO  Utils:112 - [TestNG] Running:
  C:\Users\Prashik\git\MyProject\testng\testng.xml

2024-10-28 15:41:04 INFO  TC04_ContactUsPage:26 - Name Entered
2024-10-28 15:41:04 INFO  TC04_ContactUsPage:28 - Email Entered
2024-10-28 15:41:05 INFO  TC04_ContactUsPage:30 - Enquiry Entered
2024-10-28 15:41:09 INFO  TC04_ContactUsPage:43 - Contact Us Test Case Passed
2024-10-28 15:42:08 INFO  Utils:112 - [TestNG] Running:
  C:\Users\Prashik\git\MyProject\testng\testng.xml

2024-10-28 15:42:16 INFO  TC04_ContactUsPage:26 - Name Entered
2024-10-28 15:42:16 INFO  TC04_ContactUsPage:28 - Email Entered
2024-10-28 15:42:16 INFO  TC04_ContactUsPage:30 - Enquiry Entered
2024-10-28 15:42:21 INFO  TC04_ContactUsPage:43 - Contact Us Test Case Passed
2024-10-28 15:43:23 INFO  Utils:112 - [TestNG] Running:
  C:\Users\Prashik\git\MyProject\testng\testng.xml

2024-10-28 15:43:31 INFO  TC04_ContactUsPage:26 - Name Entered
2024-10-28 15:43:31 INFO  TC04_ContactUsPage:28 - Email Entered
2024-10-28 15:43:31 INFO  TC04_ContactUsPage:30 - Enquiry Entered
2024-10-28 15:43:36 INFO  TC04_ContactUsPage:43 - Contact Us Test Case Passed
2024-10-28 15:44:18 INFO  Utils:112 - [TestNG] Running:
  C:\Users\Prashik\git\MyProject\testng\testng.xml

2024-10-28 15:44:26 INFO  TC04_ContactUsPage:26 - Name Entered
2024-10-28 15:44:26 INFO  TC04_ContactUsPage:28 - Email Entered
2024-10-28 15:44:26 INFO  TC04_ContactUsPage:30 - Enquiry Entered
2024-10-28 15:44:32 INFO  TC04_ContactUsPage:43 - Contact Us Test Case Passed
